2023-04-27 00:04:32,723 [HikariPool-1 housekeeper] WARN  com.zaxxer.hikari.pool.HikariPool - HikariPool-1 - Thread starvation or clock leap detected (housekeeper delta=1m5s754ms842µs200ns).
2023-04-27 00:05:45,836 [RMI TCP Connection(33)-127.0.0.1] INFO  o.s.b.a.SpringApplicationAdminMXBeanRegistrar$SpringApplicationAdmin - Application shutdown requested.
2023-04-27 00:05:55,826 [RMI TCP Connection(33)-127.0.0.1] INFO  o.a.coyote.http11.Http11NioProtocol - Pausing ProtocolHandler ["https-jsse-nio-1999"]
2023-04-27 00:05:55,826 [RMI TCP Connection(33)-127.0.0.1] INFO  o.a.catalina.core.StandardService - Stopping service [Tomcat]
2023-04-27 00:05:56,170 [RMI TCP Connection(33)-127.0.0.1] INFO  o.a.coyote.http11.Http11NioProtocol - Stopping ProtocolHandler ["https-jsse-nio-1999"]
2023-04-27 00:05:56,440 [RMI TCP Connection(33)-127.0.0.1] INFO  o.a.coyote.http11.Http11NioProtocol - Destroying ProtocolHandler ["https-jsse-nio-1999"]
2023-04-27 00:05:57,383 [RMI TCP Connection(33)-127.0.0.1] INFO  o.s.o.j.LocalContainerEntityManagerFactoryBean - Closing JPA EntityManagerFactory for persistence unit 'default'
2023-04-27 00:05:57,792 [RMI TCP Connection(33)-127.0.0.1] INFO  com.zaxxer.hikari.HikariDataSource - HikariPool-1 - Shutdown initiated...
2023-04-27 00:05:57,837 [RMI TCP Connection(33)-127.0.0.1] INFO  com.zaxxer.hikari.HikariDataSource - HikariPool-1 - Shutdown completed.
2023-04-27 00:24:06,566 [background-preinit] INFO  o.h.validator.internal.util.Version - HV000001: Hibernate Validator 6.2.5.Final
2023-04-27 00:24:06,572 [main] INFO  c.h.e.EmployeeManagementSystemApplication - Starting EmployeeManagementSystemApplication using Java 18.0.2 on DESKTOP-7FKM74Q with PID 13280 (C:\Users\Neha\OneDrive\Desktop\HDFC Project\Clinic OPD Booking System\Employee_Management_System\bin\main started by Neha in C:\Users\Neha\OneDrive\Desktop\HDFC Project\Clinic OPD Booking System\Employee_Management_System)
2023-04-27 00:24:06,572 [main] INFO  c.h.e.EmployeeManagementSystemApplication - No active profile set, falling back to 1 default profile: "default"
2023-04-27 00:24:07,544 [main] INFO  o.s.d.r.c.RepositoryConfigurationDelegate - Bootstrapping Spring Data JPA repositories in DEFAULT mode.
2023-04-27 00:24:07,594 [main] INFO  o.s.d.r.c.RepositoryConfigurationDelegate - Finished Spring Data repository scanning in 41 ms. Found 1 JPA repository interfaces.
2023-04-27 00:24:09,575 [main] INFO  o.s.b.w.e.tomcat.TomcatWebServer - Tomcat initialized with port(s): 1999 (https)
2023-04-27 00:24:09,585 [main] INFO  o.a.coyote.http11.Http11NioProtocol - Initializing ProtocolHandler ["https-jsse-nio-1999"]
2023-04-27 00:24:09,585 [main] INFO  o.a.catalina.core.StandardService - Starting service [Tomcat]
2023-04-27 00:24:09,586 [main] INFO  o.a.catalina.core.StandardEngine - Starting Servlet engine: [Apache Tomcat/9.0.73]
2023-04-27 00:24:09,727 [main] INFO  o.a.c.c.C.[Tomcat].[localhost].[/] - Initializing Spring embedded WebApplicationContext
2023-04-27 00:24:09,728 [main] INFO  o.s.b.w.s.c.ServletWebServerApplicationContext - Root WebApplicationContext: initialization completed in 3105 ms
2023-04-27 00:24:09,891 [main] INFO  o.h.jpa.internal.util.LogHelper - HHH000204: Processing PersistenceUnitInfo [name: default]
2023-04-27 00:24:09,952 [main] INFO  org.hibernate.Version - HHH000412: Hibernate ORM core version 5.6.15.Final
2023-04-27 00:24:10,121 [main] INFO  o.h.annotations.common.Version - HCANN000001: Hibernate Commons Annotations {5.1.2.Final}
2023-04-27 00:24:10,223 [main] INFO  com.zaxxer.hikari.HikariDataSource - HikariPool-1 - Starting...
2023-04-27 00:24:12,468 [main] INFO  com.zaxxer.hikari.HikariDataSource - HikariPool-1 - Start completed.
2023-04-27 00:24:12,501 [main] INFO  org.hibernate.dialect.Dialect - HHH000400: Using dialect: org.hibernate.dialect.MySQL8Dialect
2023-04-27 00:24:14,068 [main] INFO  o.h.e.t.j.p.i.JtaPlatformInitiator - HHH000490: Using JtaPlatform implementation: [org.hibernate.engine.transaction.jta.platform.internal.NoJtaPlatform]
2023-04-27 00:24:14,084 [main] INFO  o.s.o.j.LocalContainerEntityManagerFactoryBean - Initialized JPA EntityManagerFactory for persistence unit 'default'
2023-04-27 00:24:14,470 [main] WARN  o.s.b.a.o.j.JpaBaseConfiguration$JpaWebConfiguration - spring.jpa.open-in-view is enabled by default. Therefore, database queries may be performed during view rendering. Explicitly configure spring.jpa.open-in-view to disable this warning
2023-04-27 00:24:15,231 [main] INFO  o.a.coyote.http11.Http11NioProtocol - Starting ProtocolHandler ["https-jsse-nio-1999"]
2023-04-27 00:24:15,316 [main] INFO  o.a.t.u.net.NioEndpoint.certificate - Connector [https-jsse-nio-1999], TLS virtual host [_default_], certificate type [UNDEFINED] configured from [file:/C:/Users/Neha/OneDrive/Desktop/HDFC%20Project/Clinic%20OPD%20Booking%20System/Employee_Management_System/bin/main/javatechie.jks] using alias [spring-https] and with trust store [null]
2023-04-27 00:24:15,340 [main] INFO  o.s.b.w.e.tomcat.TomcatWebServer - Tomcat started on port(s): 1999 (https) with context path ''
2023-04-27 00:24:15,350 [main] INFO  c.h.e.EmployeeManagementSystemApplication - Started EmployeeManagementSystemApplication in 9.213 seconds (JVM running for 10.442)
2023-04-27 00:24:15,353 [main] INFO  c.h.e.EmployeeManagementSystemApplication - Received request
2023-04-27 00:24:15,353 [main] INFO  c.h.e.EmployeeManagementSystemApplication - Completed request
2023-04-27 00:27:33,464 [https-jsse-nio-1999-exec-4] INFO  o.a.c.c.C.[Tomcat].[localhost].[/] - Initializing Spring DispatcherServlet 'dispatcherServlet'
2023-04-27 00:27:33,464 [https-jsse-nio-1999-exec-4] INFO  o.s.web.servlet.DispatcherServlet - Initializing Servlet 'dispatcherServlet'
2023-04-27 00:27:33,480 [https-jsse-nio-1999-exec-4] INFO  o.s.web.servlet.DispatcherServlet - Completed initialization in 16 ms
2023-04-27 00:27:50,342 [https-jsse-nio-1999-exec-7] INFO  o.s.api.AbstractOpenApiResource - Init duration for springdoc-openapi is: 426 ms
2023-04-27 00:45:36,048 [Test worker] INFO  o.s.b.t.c.SpringBootTestContextBootstrapper - Neither @ContextConfiguration nor @ContextHierarchy found for test class [com.hdfc.employeeManagement.EmployeeManagementSystemApplicationTests], using SpringBootContextLoader
2023-04-27 00:45:36,056 [Test worker] INFO  o.s.t.c.s.AbstractContextLoader - Could not detect default resource locations for test class [com.hdfc.employeeManagement.EmployeeManagementSystemApplicationTests]: no resource found for suffixes {-context.xml, Context.groovy}.
2023-04-27 00:45:36,057 [Test worker] INFO  o.s.t.c.s.AnnotationConfigContextLoaderUtils - Could not detect default configuration classes for test class [com.hdfc.employeeManagement.EmployeeManagementSystemApplicationTests]: EmployeeManagementSystemApplicationTests does not declare any static, non-private, non-final, nested classes annotated with @Configuration.
2023-04-27 00:45:36,204 [Test worker] INFO  o.s.b.t.c.SpringBootTestContextBootstrapper - Found @SpringBootConfiguration com.hdfc.employeeManagement.EmployeeManagementSystemApplication for test class com.hdfc.employeeManagement.EmployeeManagementSystemApplicationTests
2023-04-27 00:45:36,313 [Test worker] INFO  o.s.b.t.c.SpringBootTestContextBootstrapper - Loaded default TestExecutionListener class names from location [META-INF/spring.factories]: [org.springframework.boot.test.autoconfigure.restdocs.RestDocsTestExecutionListener, org.springframework.boot.test.autoconfigure.web.client.MockRestServiceServerResetTestExecutionListener, org.springframework.boot.test.autoconfigure.web.servlet.MockMvcPrintOnlyOnFailureTestExecutionListener, org.springframework.boot.test.autoconfigure.web.servlet.WebDriverTestExecutionListener, org.springframework.boot.test.autoconfigure.webservices.client.MockWebServiceServerTestExecutionListener, org.springframework.boot.test.mock.mockito.MockitoTestExecutionListener, org.springframework.boot.test.mock.mockito.ResetMocksTestExecutionListener, org.springframework.test.context.web.ServletTestExecutionListener, org.springframework.test.context.support.DirtiesContextBeforeModesTestExecutionListener, org.springframework.test.context.event.ApplicationEventsTestExecutionListener, org.springframework.test.context.support.DependencyInjectionTestExecutionListener, org.springframework.test.context.support.DirtiesContextTestExecutionListener, org.springframework.test.context.transaction.TransactionalTestExecutionListener, org.springframework.test.context.jdbc.SqlScriptsTestExecutionListener, org.springframework.test.context.event.EventPublishingTestExecutionListener]
2023-04-27 00:45:36,332 [Test worker] INFO  o.s.b.t.c.SpringBootTestContextBootstrapper - Using TestExecutionListeners: [org.springframework.test.context.web.ServletTestExecutionListener@796d3c9f, org.springframework.test.context.support.DirtiesContextBeforeModesTestExecutionListener@6bff19ff, org.springframework.test.context.event.ApplicationEventsTestExecutionListener@41e1455d, org.springframework.boot.test.mock.mockito.MockitoTestExecutionListener@4e558728, org.springframework.boot.test.autoconfigure.SpringBootDependencyInjectionTestExecutionListener@5eccd3b9, org.springframework.test.context.support.DirtiesContextTestExecutionListener@4d6f197e, org.springframework.test.context.transaction.TransactionalTestExecutionListener@6ef7623, org.springframework.test.context.jdbc.SqlScriptsTestExecutionListener@64e1dd11, org.springframework.test.context.event.EventPublishingTestExecutionListener@5c089b2f, org.springframework.boot.test.autoconfigure.restdocs.RestDocsTestExecutionListener@6999cd39, org.springframework.boot.test.autoconfigure.web.client.MockRestServiceServerResetTestExecutionListener@14bae047, org.springframework.boot.test.autoconfigure.web.servlet.MockMvcPrintOnlyOnFailureTestExecutionListener@7ed9ae94, org.springframework.boot.test.autoconfigure.web.servlet.WebDriverTestExecutionListener@66908383, org.springframework.boot.test.autoconfigure.webservices.client.MockWebServiceServerTestExecutionListener@41477a6d, org.springframework.boot.test.mock.mockito.ResetMocksTestExecutionListener@2bc12da]
2023-04-27 00:45:36,781 [Test worker] INFO  c.h.e.EmployeeManagementSystemApplicationTests - Starting EmployeeManagementSystemApplicationTests using Java 18.0.2 on DESKTOP-7FKM74Q with PID 11120 (started by Neha in C:\Users\Neha\OneDrive\Desktop\HDFC Project\Clinic OPD Booking System\Employee_Management_System)
2023-04-27 00:45:36,782 [Test worker] INFO  c.h.e.EmployeeManagementSystemApplicationTests - No active profile set, falling back to 1 default profile: "default"
2023-04-27 00:45:36,792 [background-preinit] INFO  o.h.validator.internal.util.Version - HV000001: Hibernate Validator 6.2.5.Final
2023-04-27 00:45:37,757 [Test worker] INFO  o.s.d.r.c.RepositoryConfigurationDelegate - Bootstrapping Spring Data JPA repositories in DEFAULT mode.
2023-04-27 00:45:37,815 [Test worker] INFO  o.s.d.r.c.RepositoryConfigurationDelegate - Finished Spring Data repository scanning in 49 ms. Found 1 JPA repository interfaces.
2023-04-27 00:45:38,562 [Test worker] INFO  o.h.jpa.internal.util.LogHelper - HHH000204: Processing PersistenceUnitInfo [name: default]
2023-04-27 00:45:38,636 [Test worker] INFO  org.hibernate.Version - HHH000412: Hibernate ORM core version 5.6.15.Final
2023-04-27 00:45:38,836 [Test worker] INFO  o.h.annotations.common.Version - HCANN000001: Hibernate Commons Annotations {5.1.2.Final}
2023-04-27 00:45:38,965 [Test worker] INFO  com.zaxxer.hikari.HikariDataSource - HikariPool-1 - Starting...
2023-04-27 00:45:41,898 [Test worker] INFO  com.zaxxer.hikari.HikariDataSource - HikariPool-1 - Start completed.
2023-04-27 00:45:41,936 [Test worker] INFO  org.hibernate.dialect.Dialect - HHH000400: Using dialect: org.hibernate.dialect.MySQL8Dialect
2023-04-27 00:45:43,294 [Test worker] INFO  o.h.e.t.j.p.i.JtaPlatformInitiator - HHH000490: Using JtaPlatform implementation: [org.hibernate.engine.transaction.jta.platform.internal.NoJtaPlatform]
2023-04-27 00:45:43,311 [Test worker] INFO  o.s.o.j.LocalContainerEntityManagerFactoryBean - Initialized JPA EntityManagerFactory for persistence unit 'default'
2023-04-27 00:45:44,392 [Test worker] WARN  o.s.b.a.o.j.JpaBaseConfiguration$JpaWebConfiguration - spring.jpa.open-in-view is enabled by default. Therefore, database queries may be performed during view rendering. Explicitly configure spring.jpa.open-in-view to disable this warning
2023-04-27 00:45:46,255 [Test worker] INFO  c.h.e.EmployeeManagementSystemApplicationTests - Started EmployeeManagementSystemApplicationTests in 9.88 seconds (JVM running for 12.452)
2023-04-27 00:45:46,749 [SpringApplicationShutdownHook] INFO  o.s.o.j.LocalContainerEntityManagerFactoryBean - Closing JPA EntityManagerFactory for persistence unit 'default'
2023-04-27 00:45:46,753 [SpringApplicationShutdownHook] INFO  com.zaxxer.hikari.HikariDataSource - HikariPool-1 - Shutdown initiated...
2023-04-27 00:45:46,879 [SpringApplicationShutdownHook] INFO  com.zaxxer.hikari.HikariDataSource - HikariPool-1 - Shutdown completed.
2023-04-27 00:57:28,706 [Test worker] INFO  o.s.b.t.c.SpringBootTestContextBootstrapper - Neither @ContextConfiguration nor @ContextHierarchy found for test class [com.hdfc.employeeManagement.EmployeeManagementSystemApplicationTests], using SpringBootContextLoader
2023-04-27 00:57:28,713 [Test worker] INFO  o.s.t.c.s.AbstractContextLoader - Could not detect default resource locations for test class [com.hdfc.employeeManagement.EmployeeManagementSystemApplicationTests]: no resource found for suffixes {-context.xml, Context.groovy}.
2023-04-27 00:57:28,713 [Test worker] INFO  o.s.t.c.s.AnnotationConfigContextLoaderUtils - Could not detect default configuration classes for test class [com.hdfc.employeeManagement.EmployeeManagementSystemApplicationTests]: EmployeeManagementSystemApplicationTests does not declare any static, non-private, non-final, nested classes annotated with @Configuration.
2023-04-27 00:57:28,838 [Test worker] INFO  o.s.b.t.c.SpringBootTestContextBootstrapper - Found @SpringBootConfiguration com.hdfc.employeeManagement.EmployeeManagementSystemApplication for test class com.hdfc.employeeManagement.EmployeeManagementSystemApplicationTests
2023-04-27 00:57:28,943 [Test worker] INFO  o.s.b.t.c.SpringBootTestContextBootstrapper - Loaded default TestExecutionListener class names from location [META-INF/spring.factories]: [org.springframework.boot.test.autoconfigure.restdocs.RestDocsTestExecutionListener, org.springframework.boot.test.autoconfigure.web.client.MockRestServiceServerResetTestExecutionListener, org.springframework.boot.test.autoconfigure.web.servlet.MockMvcPrintOnlyOnFailureTestExecutionListener, org.springframework.boot.test.autoconfigure.web.servlet.WebDriverTestExecutionListener, org.springframework.boot.test.autoconfigure.webservices.client.MockWebServiceServerTestExecutionListener, org.springframework.boot.test.mock.mockito.MockitoTestExecutionListener, org.springframework.boot.test.mock.mockito.ResetMocksTestExecutionListener, org.springframework.test.context.web.ServletTestExecutionListener, org.springframework.test.context.support.DirtiesContextBeforeModesTestExecutionListener, org.springframework.test.context.event.ApplicationEventsTestExecutionListener, org.springframework.test.context.support.DependencyInjectionTestExecutionListener, org.springframework.test.context.support.DirtiesContextTestExecutionListener, org.springframework.test.context.transaction.TransactionalTestExecutionListener, org.springframework.test.context.jdbc.SqlScriptsTestExecutionListener, org.springframework.test.context.event.EventPublishingTestExecutionListener]
2023-04-27 00:57:28,959 [Test worker] INFO  o.s.b.t.c.SpringBootTestContextBootstrapper - Using TestExecutionListeners: [org.springframework.test.context.web.ServletTestExecutionListener@3fabf088, org.springframework.test.context.support.DirtiesContextBeforeModesTestExecutionListener@1e392345, org.springframework.test.context.event.ApplicationEventsTestExecutionListener@12f3afb5, org.springframework.boot.test.mock.mockito.MockitoTestExecutionListener@4ced35ed, org.springframework.boot.test.autoconfigure.SpringBootDependencyInjectionTestExecutionListener@2c22a348, org.springframework.test.context.support.DirtiesContextTestExecutionListener@7bd69e82, org.springframework.test.context.transaction.TransactionalTestExecutionListener@74d7184a, org.springframework.test.context.jdbc.SqlScriptsTestExecutionListener@51b01960, org.springframework.test.context.event.EventPublishingTestExecutionListener@6831d8fd, org.springframework.boot.test.autoconfigure.restdocs.RestDocsTestExecutionListener@27dc79f7, org.springframework.boot.test.autoconfigure.web.client.MockRestServiceServerResetTestExecutionListener@6b85300e, org.springframework.boot.test.autoconfigure.web.servlet.MockMvcPrintOnlyOnFailureTestExecutionListener@3aaf4f07, org.springframework.boot.test.autoconfigure.web.servlet.WebDriverTestExecutionListener@5cbf9e9f, org.springframework.boot.test.autoconfigure.webservices.client.MockWebServiceServerTestExecutionListener@18e8473e, org.springframework.boot.test.mock.mockito.ResetMocksTestExecutionListener@5a2f016d]
2023-04-27 00:57:29,688 [Test worker] INFO  c.h.e.EmployeeManagementSystemApplicationTests - Starting EmployeeManagementSystemApplicationTests using Java 17.0.6 on DESKTOP-7FKM74Q with PID 2424 (started by Neha in C:\Users\Neha\OneDrive\Desktop\HDFC Project\Clinic OPD Booking System\Employee_Management_System)
2023-04-27 00:57:29,689 [Test worker] INFO  c.h.e.EmployeeManagementSystemApplicationTests - No active profile set, falling back to 1 default profile: "default"
2023-04-27 00:57:29,696 [background-preinit] INFO  o.h.validator.internal.util.Version - HV000001: Hibernate Validator 6.2.5.Final
2023-04-27 00:57:30,607 [Test worker] INFO  o.s.d.r.c.RepositoryConfigurationDelegate - Bootstrapping Spring Data JPA repositories in DEFAULT mode.
2023-04-27 00:57:30,676 [Test worker] INFO  o.s.d.r.c.RepositoryConfigurationDelegate - Finished Spring Data repository scanning in 57 ms. Found 1 JPA repository interfaces.
2023-04-27 00:57:31,370 [Test worker] INFO  o.h.jpa.internal.util.LogHelper - HHH000204: Processing PersistenceUnitInfo [name: default]
2023-04-27 00:57:31,458 [Test worker] INFO  org.hibernate.Version - HHH000412: Hibernate ORM core version 5.6.15.Final
2023-04-27 00:57:31,720 [Test worker] INFO  o.h.annotations.common.Version - HCANN000001: Hibernate Commons Annotations {5.1.2.Final}
2023-04-27 00:57:31,897 [Test worker] INFO  com.zaxxer.hikari.HikariDataSource - HikariPool-1 - Starting...
2023-04-27 00:57:33,529 [Test worker] INFO  com.zaxxer.hikari.HikariDataSource - HikariPool-1 - Start completed.
2023-04-27 00:57:33,581 [Test worker] INFO  org.hibernate.dialect.Dialect - HHH000400: Using dialect: org.hibernate.dialect.MySQL8Dialect
2023-04-27 00:57:36,631 [Test worker] INFO  o.h.e.t.j.p.i.JtaPlatformInitiator - HHH000490: Using JtaPlatform implementation: [org.hibernate.engine.transaction.jta.platform.internal.NoJtaPlatform]
2023-04-27 00:57:36,660 [Test worker] INFO  o.s.o.j.LocalContainerEntityManagerFactoryBean - Initialized JPA EntityManagerFactory for persistence unit 'default'
2023-04-27 00:57:39,582 [Test worker] WARN  o.s.b.a.o.j.JpaBaseConfiguration$JpaWebConfiguration - spring.jpa.open-in-view is enabled by default. Therefore, database queries may be performed during view rendering. Explicitly configure spring.jpa.open-in-view to disable this warning
2023-04-27 00:57:43,385 [Test worker] INFO  c.h.e.EmployeeManagementSystemApplicationTests - Started EmployeeManagementSystemApplicationTests in 14.39 seconds (JVM running for 16.364)
2023-04-27 00:57:44,563 [SpringApplicationShutdownHook] INFO  o.s.o.j.LocalContainerEntityManagerFactoryBean - Closing JPA EntityManagerFactory for persistence unit 'default'
2023-04-27 00:57:44,568 [SpringApplicationShutdownHook] INFO  com.zaxxer.hikari.HikariDataSource - HikariPool-1 - Shutdown initiated...
2023-04-27 00:57:44,590 [SpringApplicationShutdownHook] INFO  com.zaxxer.hikari.HikariDataSource - HikariPool-1 - Shutdown completed.
2023-04-27 01:22:13,478 [RMI TCP Connection(57)-127.0.0.1] INFO  o.s.b.a.SpringApplicationAdminMXBeanRegistrar$SpringApplicationAdmin - Application shutdown requested.
2023-04-27 08:00:22,788 [Test worker] INFO  o.s.b.t.c.SpringBootTestContextBootstrapper - Neither @ContextConfiguration nor @ContextHierarchy found for test class [com.hdfc.employeeManagement.EmployeeManagementSystemApplicationTests], using SpringBootContextLoader
2023-04-27 08:00:22,798 [Test worker] INFO  o.s.t.c.s.AbstractContextLoader - Could not detect default resource locations for test class [com.hdfc.employeeManagement.EmployeeManagementSystemApplicationTests]: no resource found for suffixes {-context.xml, Context.groovy}.
2023-04-27 08:00:22,799 [Test worker] INFO  o.s.t.c.s.AnnotationConfigContextLoaderUtils - Could not detect default configuration classes for test class [com.hdfc.employeeManagement.EmployeeManagementSystemApplicationTests]: EmployeeManagementSystemApplicationTests does not declare any static, non-private, non-final, nested classes annotated with @Configuration.
2023-04-27 08:00:22,946 [Test worker] INFO  o.s.b.t.c.SpringBootTestContextBootstrapper - Found @SpringBootConfiguration com.hdfc.employeeManagement.EmployeeManagementSystemApplication for test class com.hdfc.employeeManagement.EmployeeManagementSystemApplicationTests
2023-04-27 08:00:23,076 [Test worker] INFO  o.s.b.t.c.SpringBootTestContextBootstrapper - Loaded default TestExecutionListener class names from location [META-INF/spring.factories]: [org.springframework.boot.test.autoconfigure.restdocs.RestDocsTestExecutionListener, org.springframework.boot.test.autoconfigure.web.client.MockRestServiceServerResetTestExecutionListener, org.springframework.boot.test.autoconfigure.web.servlet.MockMvcPrintOnlyOnFailureTestExecutionListener, org.springframework.boot.test.autoconfigure.web.servlet.WebDriverTestExecutionListener, org.springframework.boot.test.autoconfigure.webservices.client.MockWebServiceServerTestExecutionListener, org.springframework.boot.test.mock.mockito.MockitoTestExecutionListener, org.springframework.boot.test.mock.mockito.ResetMocksTestExecutionListener, org.springframework.test.context.web.ServletTestExecutionListener, org.springframework.test.context.support.DirtiesContextBeforeModesTestExecutionListener, org.springframework.test.context.event.ApplicationEventsTestExecutionListener, org.springframework.test.context.support.DependencyInjectionTestExecutionListener, org.springframework.test.context.support.DirtiesContextTestExecutionListener, org.springframework.test.context.transaction.TransactionalTestExecutionListener, org.springframework.test.context.jdbc.SqlScriptsTestExecutionListener, org.springframework.test.context.event.EventPublishingTestExecutionListener]
2023-04-27 08:00:23,104 [Test worker] INFO  o.s.b.t.c.SpringBootTestContextBootstrapper - Using TestExecutionListeners: [org.springframework.test.context.web.ServletTestExecutionListener@796d3c9f, org.springframework.test.context.support.DirtiesContextBeforeModesTestExecutionListener@6bff19ff, org.springframework.test.context.event.ApplicationEventsTestExecutionListener@41e1455d, org.springframework.boot.test.mock.mockito.MockitoTestExecutionListener@4e558728, org.springframework.boot.test.autoconfigure.SpringBootDependencyInjectionTestExecutionListener@5eccd3b9, org.springframework.test.context.support.DirtiesContextTestExecutionListener@4d6f197e, org.springframework.test.context.transaction.TransactionalTestExecutionListener@6ef7623, org.springframework.test.context.jdbc.SqlScriptsTestExecutionListener@64e1dd11, org.springframework.test.context.event.EventPublishingTestExecutionListener@5c089b2f, org.springframework.boot.test.autoconfigure.restdocs.RestDocsTestExecutionListener@6999cd39, org.springframework.boot.test.autoconfigure.web.client.MockRestServiceServerResetTestExecutionListener@14bae047, org.springframework.boot.test.autoconfigure.web.servlet.MockMvcPrintOnlyOnFailureTestExecutionListener@7ed9ae94, org.springframework.boot.test.autoconfigure.web.servlet.WebDriverTestExecutionListener@66908383, org.springframework.boot.test.autoconfigure.webservices.client.MockWebServiceServerTestExecutionListener@41477a6d, org.springframework.boot.test.mock.mockito.ResetMocksTestExecutionListener@2bc12da]
2023-04-27 08:00:23,599 [Test worker] INFO  c.h.e.EmployeeManagementSystemApplicationTests - Starting EmployeeManagementSystemApplicationTests using Java 18.0.2 on DESKTOP-7FKM74Q with PID 20904 (started by Neha in C:\Users\Neha\OneDrive\Desktop\HDFC Project\Clinic OPD Booking System\Employee_Management_System)
2023-04-27 08:00:23,600 [Test worker] INFO  c.h.e.EmployeeManagementSystemApplicationTests - No active profile set, falling back to 1 default profile: "default"
2023-04-27 08:00:23,608 [background-preinit] INFO  o.h.validator.internal.util.Version - HV000001: Hibernate Validator 6.2.5.Final
2023-04-27 08:00:24,657 [Test worker] INFO  o.s.d.r.c.RepositoryConfigurationDelegate - Bootstrapping Spring Data JPA repositories in DEFAULT mode.
2023-04-27 08:00:24,721 [Test worker] INFO  o.s.d.r.c.RepositoryConfigurationDelegate - Finished Spring Data repository scanning in 53 ms. Found 1 JPA repository interfaces.
2023-04-27 08:00:26,255 [Test worker] INFO  o.h.jpa.internal.util.LogHelper - HHH000204: Processing PersistenceUnitInfo [name: default]
2023-04-27 08:00:26,353 [Test worker] INFO  org.hibernate.Version - HHH000412: Hibernate ORM core version 5.6.15.Final
2023-04-27 08:00:26,650 [Test worker] INFO  o.h.annotations.common.Version - HCANN000001: Hibernate Commons Annotations {5.1.2.Final}
2023-04-27 08:00:26,855 [Test worker] INFO  com.zaxxer.hikari.HikariDataSource - HikariPool-1 - Starting...
2023-04-27 08:00:43,460 [Test worker] INFO  com.zaxxer.hikari.HikariDataSource - HikariPool-1 - Start completed.
2023-04-27 08:00:44,265 [Test worker] INFO  org.hibernate.dialect.Dialect - HHH000400: Using dialect: org.hibernate.dialect.MySQL8Dialect
2023-04-27 08:01:04,776 [Test worker] INFO  o.h.e.t.j.p.i.JtaPlatformInitiator - HHH000490: Using JtaPlatform implementation: [org.hibernate.engine.transaction.jta.platform.internal.NoJtaPlatform]
2023-04-27 08:01:04,793 [Test worker] INFO  o.s.o.j.LocalContainerEntityManagerFactoryBean - Initialized JPA EntityManagerFactory for persistence unit 'default'
2023-04-27 08:01:07,323 [Test worker] WARN  o.s.b.a.o.j.JpaBaseConfiguration$JpaWebConfiguration - spring.jpa.open-in-view is enabled by default. Therefore, database queries may be performed during view rendering. Explicitly configure spring.jpa.open-in-view to disable this warning
2023-04-27 08:01:09,327 [Test worker] INFO  c.h.e.EmployeeManagementSystemApplicationTests - Started EmployeeManagementSystemApplicationTests in 46.187 seconds (JVM running for 48.081)
2023-04-27 08:01:15,803 [SpringApplicationShutdownHook] INFO  o.s.o.j.LocalContainerEntityManagerFactoryBean - Closing JPA EntityManagerFactory for persistence unit 'default'
2023-04-27 08:01:15,807 [SpringApplicationShutdownHook] INFO  com.zaxxer.hikari.HikariDataSource - HikariPool-1 - Shutdown initiated...
2023-04-27 08:01:16,156 [SpringApplicationShutdownHook] INFO  com.zaxxer.hikari.HikariDataSource - HikariPool-1 - Shutdown completed.
